Daemon [[11507,0],1] checking in as pid 59700 on host holy2a15203
[holy2a15203.rc.fas.harvard.edu:59700] [[11507,0],1] orted: up and running - waiting for commands!
Daemon [[11507,0],3] checking in as pid 8301 on host holy2a15206
Daemon [[11507,0],4] checking in as pid 50240 on host holy2a15207
Daemon [[11507,0],5] checking in as pid 46577 on host holy2a15208
Daemon [[11507,0],2] checking in as pid 13286 on host holy2a15204
Daemon [[11507,0],6] checking in as pid 1036 on host holy2a18306
[holy2a15206.rc.fas.harvard.edu:08301] [[11507,0],3] orted: up and running - waiting for commands!
[holy2a15207.rc.fas.harvard.edu:50240] [[11507,0],4] orted: up and running - waiting for commands!
[holy2a15202.rc.fas.harvard.edu:53892] [[11507,0],0] orted_cmd: received add_local_procs
[holy2a15204.rc.fas.harvard.edu:13286] [[11507,0],2] orted: up and running - waiting for commands!
[holy2a15208.rc.fas.harvard.edu:46577] [[11507,0],5] orted: up and running - waiting for commands!
[holy2a18306.rc.fas.harvard.edu:01036] [[11507,0],6] orted: up and running - waiting for commands!
[holy2a15203.rc.fas.harvard.edu:59700] [[11507,0],1] orted_cmd: received add_local_procs
[holy2a15206.rc.fas.harvard.edu:08301] [[11507,0],3] orted_cmd: received add_local_procs
[holy2a15207.rc.fas.harvard.edu:50240] [[11507,0],4] orted_cmd: received add_local_procs
[holy2a15204.rc.fas.harvard.edu:13286] [[11507,0],2] orted_cmd: received add_local_procs
[holy2a15208.rc.fas.harvard.edu:46577] [[11507,0],5] orted_cmd: received add_local_procs
[holy2a18306.rc.fas.harvard.edu:01036] [[11507,0],6] orted_cmd: received add_local_procs
  MPIR_being_debugged = 0
  MPIR_debug_state = 1
  MPIR_partial_attach_ok = 1
  MPIR_i_am_starter = 0
  MPIR_forward_output = 0
  MPIR_proctable_size = 400
  MPIR_proctable:
    (i, host, exe, pid) = (0, holy2a15202, /n/home03/amirbitran/ShakhnovichLab/MCPU/src_mpi_umbrella/./fold_potential_mpi, 53909)
    (i, host, exe, pid) = (1, holy2a15202, /n/home03/amirbitran/ShakhnovichLab/MCPU/src_mpi_umbrella/./fold_potential_mpi, 53910)
    (i, host, exe, pid) = (2, holy2a15202, /n/home03/amirbitran/ShakhnovichLab/MCPU/src_mpi_umbrella/./fold_potential_mpi, 53911)
    (i, host, exe, pid) = (3, holy2a15202, /n/home03/amirbitran/ShakhnovichLab/MCPU/src_mpi_umbrella/./fold_potential_mpi, 53912)
    (i, host, exe, pid) = (4, holy2a15202, /n/home03/amirbitran/ShakhnovichLab/MCPU/src_mpi_umbrella/./fold_potential_mpi, 53913)
    (i, host, exe, pid) = (5, holy2a15202, /n/home03/amirbitran/ShakhnovichLab/MCPU/src_mpi_umbrella/./fold_potential_mpi, 53915)
    (i, host, exe, pid) = (6, holy2a15202, /n/home03/amirbitran/ShakhnovichLab/MCPU/src_mpi_umbrella/./fold_potential_mpi, 53916)
    (i, host, exe, pid) = (7, holy2a15202, /n/home03/amirbitran/ShakhnovichLab/MCPU/src_mpi_umbrella/./fold_potential_mpi, 53920)
    (i, host, exe, pid) = (8, holy2a15202, /n/home03/amirbitran/ShakhnovichLab/MCPU/src_mpi_umbrella/./fold_potential_mpi, 53923)
    (i, host, exe, pid) = (9, holy2a15202, /n/home03/amirbitran/ShakhnovichLab/MCPU/src_mpi_umbrella/./fold_potential_mpi, 53925)
    (i, host, exe, pid) = (10, holy2a15202, /n/home03/amirbitran/ShakhnovichLab/MCPU/src_mpi_umbrella/./fold_potential_mpi, 53930)
    (i, host, exe, pid) = (11, holy2a15202, /n/home03/amirbitran/ShakhnovichLab/MCPU/src_mpi_umbrella/./fold_potential_mpi, 53933)
    (i, host, exe, pid) = (12, holy2a15202, /n/home03/amirbitran/ShakhnovichLab/MCPU/src_mpi_umbrella/./fold_potential_mpi, 53936)
    (i, host, exe, pid) = (13, holy2a15202, /n/home03/amirbitran/ShakhnovichLab/MCPU/src_mpi_umbrella/./fold_potential_mpi, 53937)
    (i, host, exe, pid) = (14, holy2a15202, /n/home03/amirbitran/ShakhnovichLab/MCPU/src_mpi_umbrella/./fold_potential_mpi, 53942)
    (i, host, exe, pid) = (15, holy2a15202, /n/home03/amirbitran/ShakhnovichLab/MCPU/src_mpi_umbrella/./fold_potential_mpi, 53952)
    (i, host, exe, pid) = (16, holy2a15202, /n/home03/amirbitran/ShakhnovichLab/MCPU/src_mpi_umbrella/./fold_potential_mpi, 53960)
    (i, host, exe, pid) = (17, holy2a15202, /n/home03/amirbitran/ShakhnovichLab/MCPU/src_mpi_umbrella/./fold_potential_mpi, 53962)
    (i, host, exe, pid) = (18, holy2a15202, /n/home03/amirbitran/ShakhnovichLab/MCPU/src_mpi_umbrella/./fold_potential_mpi, 53976)
    (i, host, exe, pid) = (19, holy2a15202, /n/home03/amirbitran/ShakhnovichLab/MCPU/src_mpi_umbrella/./fold_potential_mpi, 53986)
    (i, host, exe, pid) = (20, holy2a15202, /n/home03/amirbitran/ShakhnovichLab/MCPU/src_mpi_umbrella/./fold_potential_mpi, 53989)
    (i, host, exe, pid) = (21, holy2a15202, /n/home03/amirbitran/ShakhnovichLab/MCPU/src_mpi_umbrella/./fold_potential_mpi, 53992)
    (i, host, exe, pid) = (22, holy2a15202, /n/home03/amirbitran/ShakhnovichLab/MCPU/src_mpi_umbrella/./fold_potential_mpi, 54004)
    (i, host, exe, pid) = (23, holy2a15202, /n/home03/amirbitran/ShakhnovichLab/MCPU/src_mpi_umbrella/./fold_potential_mpi, 54010)
    (i, host, exe, pid) = (24, holy2a15202, /n/home03/amirbitran/ShakhnovichLab/MCPU/src_mpi_umbrella/./fold_potential_mpi, 54017)
    (i, host, exe, pid) = (25, holy2a15202, /n/home03/amirbitran/ShakhnovichLab/MCPU/src_mpi_umbrella/./fold_potential_mpi, 54023)
    (i, host, exe, pid) = (26, holy2a15202, /n/home03/amirbitran/ShakhnovichLab/MCPU/src_mpi_umbrella/./fold_potential_mpi, 54037)
    (i, host, exe, pid) = (27, holy2a15202, /n/home03/amirbitran/ShakhnovichLab/MCPU/src_mpi_umbrella/./fold_potential_mpi, 54042)
    (i, host, exe, pid) = (28, holy2a15202, /n/home03/amirbitran/ShakhnovichLab/MCPU/src_mpi_umbrella/./fold_potential_mpi, 54053)
    (i, host, exe, pid) = (29, holy2a15202, /n/home03/amirbitran/ShakhnovichLab/MCPU/src_mpi_umbrella/./fold_potential_mpi, 54059)
    (i, host, exe, pid) = (30, holy2a15202, /n/home03/amirbitran/ShakhnovichLab/MCPU/src_mpi_umbrella/./fold_potential_mpi, 54067)
    (i, host, exe, pid) = (31, holy2a15202, /n/home03/amirbitran/ShakhnovichLab/MCPU/src_mpi_umbrella/./fold_potential_mpi, 54073)
    (i, host, exe, pid) = (32, holy2a15202, /n/home03/amirbitran/ShakhnovichLab/MCPU/src_mpi_umbrella/./fold_potential_mpi, 54081)
    (i, host, exe, pid) = (33, holy2a15202, /n/home03/amirbitran/ShakhnovichLab/MCPU/src_mpi_umbrella/./fold_potential_mpi, 54087)
    (i, host, exe, pid) = (34, holy2a15202, /n/home03/amirbitran/ShakhnovichLab/MCPU/src_mpi_umbrella/./fold_potential_mpi, 54095)
    (i, host, exe, pid) = (35, holy2a15202, /n/home03/amirbitran/ShakhnovichLab/MCPU/src_mpi_umbrella/./fold_potential_mpi, 54102)
    (i, host, exe, pid) = (36, holy2a15202, /n/home03/amirbitran/ShakhnovichLab/MCPU/src_mpi_umbrella/./fold_potential_mpi, 54105)
    (i, host, exe, pid) = (37, holy2a15202, /n/home03/amirbitran/ShakhnovichLab/MCPU/src_mpi_umbrella/./fold_potential_mpi, 54115)
    (i, host, exe, pid) = (38, holy2a15202, /n/home03/amirbitran/ShakhnovichLab/MCPU/src_mpi_umbrella/./fold_potential_mpi, 54123)
    (i, host, exe, pid) = (39, holy2a15202, /n/home03/amirbitran/ShakhnovichLab/MCPU/src_mpi_umbrella/./fold_potential_mpi, 54129)
    (i, host, exe, pid) = (40, holy2a15202, /n/home03/amirbitran/ShakhnovichLab/MCPU/src_mpi_umbrella/./fold_potential_mpi, 54136)
    (i, host, exe, pid) = (41, holy2a15202, /n/home03/amirbitran/ShakhnovichLab/MCPU/src_mpi_umbrella/./fold_potential_mpi, 54143)
    (i, host, exe, pid) = (42, holy2a15202, /n/home03/amirbitran/ShakhnovichLab/MCPU/src_mpi_umbrella/./fold_potential_mpi, 54151)
    (i, host, exe, pid) = (43, holy2a15202, /n/home03/amirbitran/ShakhnovichLab/MCPU/src_mpi_umbrella/./fold_potential_mpi, 54157)
    (i, host, exe, pid) = (44, holy2a15202, /n/home03/amirbitran/ShakhnovichLab/MCPU/src_mpi_umbrella/./fold_potential_mpi, 54164)
    (i, host, exe, pid) = (45, holy2a15202, /n/home03/amirbitran/ShakhnovichLab/MCPU/src_mpi_umbrella/./fold_potential_mpi, 54182)
    (i, host, exe, pid) = (46, holy2a15202, /n/home03/amirbitran/ShakhnovichLab/MCPU/src_mpi_umbrella/./fold_potential_mpi, 54192)
    (i, host, exe, pid) = (47, holy2a15202, /n/home03/amirbitran/ShakhnovichLab/MCPU/src_mpi_umbrella/./fold_potential_mpi, 54199)
    (i, host, exe, pid) = (48, holy2a15202, /n/home03/amirbitran/ShakhnovichLab/MCPU/src_mpi_umbrella/./fold_potential_mpi, 54205)
    (i, host, exe, pid) = (49, holy2a15202, /n/home03/amirbitran/ShakhnovichLab/MCPU/src_mpi_umbrella/./fold_potential_mpi, 54210)
    (i, host, exe, pid) = (50, holy2a15202, /n/home03/amirbitran/ShakhnovichLab/MCPU/src_mpi_umbrella/./fold_potential_mpi, 54213)
    (i, host, exe, pid) = (51, holy2a15202, /n/home03/amirbitran/ShakhnovichLab/MCPU/src_mpi_umbrella/./fold_potential_mpi, 54221)
    (i, host, exe, pid) = (52, holy2a15202, /n/home03/amirbitran/ShakhnovichLab/MCPU/src_mpi_umbrella/./fold_potential_mpi, 54232)
    (i, host, exe, pid) = (53, holy2a15202, /n/home03/amirbitran/ShakhnovichLab/MCPU/src_mpi_umbrella/./fold_potential_mpi, 54238)
    (i, host, exe, pid) = (54, holy2a15202, /n/home03/amirbitran/ShakhnovichLab/MCPU/src_mpi_umbrella/./fold_potential_mpi, 54245)
    (i, host, exe, pid) = (55, holy2a15202, /n/home03/amirbitran/ShakhnovichLab/MCPU/src_mpi_umbrella/./fold_potential_mpi, 54248)
    (i, host, exe, pid) = (56, holy2a15202, /n/home03/amirbitran/ShakhnovichLab/MCPU/src_mpi_umbrella/./fold_potential_mpi, 54259)
    (i, host, exe, pid) = (57, holy2a15202, /n/home03/amirbitran/ShakhnovichLab/MCPU/src_mpi_umbrella/./fold_potential_mpi, 54263)
    (i, host, exe, pid) = (58, holy2a15202, /n/home03/amirbitran/ShakhnovichLab/MCPU/src_mpi_umbrella/./fold_potential_mpi, 54270)
    (i, host, exe, pid) = (59, holy2a15202, /n/home03/amirbitran/ShakhnovichLab/MCPU/src_mpi_umbrella/./fold_potential_mpi, 54277)
    (i, host, exe, pid) = (60, holy2a15202, /n/home03/amirbitran/ShakhnovichLab/MCPU/src_mpi_umbrella/./fold_potential_mpi, 54284)
    (i, host, exe, pid) = (61, holy2a15203, /n/home03/amirbitran/ShakhnovichLab/MCPU/src_mpi_umbrella/./fold_potential_mpi, 59705)
    (i, host, exe, pid) = (62, holy2a15203, /n/home03/amirbitran/ShakhnovichLab/MCPU/src_mpi_umbrella/./fold_potential_mpi, 59706)
    (i, host, exe, pid) = (63, holy2a15203, /n/home03/amirbitran/ShakhnovichLab/MCPU/src_mpi_umbrella/./fold_potential_mpi, 59707)
    (i, host, exe, pid) = (64, holy2a15203, /n/home03/amirbitran/ShakhnovichLab/MCPU/src_mpi_umbrella/./fold_potential_mpi, 59708)
    (i, host, exe, pid) = (65, holy2a15203, /n/home03/amirbitran/ShakhnovichLab/MCPU/src_mpi_umbrella/./fold_potential_mpi, 59709)
    (i, host, exe, pid) = (66, holy2a15203, /n/home03/amirbitran/ShakhnovichLab/MCPU/src_mpi_umbrella/./fold_potential_mpi, 59710)
    (i, host, exe, pid) = (67, holy2a15203, /n/home03/amirbitran/ShakhnovichLab/MCPU/src_mpi_umbrella/./fold_potential_mpi, 59711)
    (i, host, exe, pid) = (68, holy2a15203, /n/home03/amirbitran/ShakhnovichLab/MCPU/src_mpi_umbrella/./fold_potential_mpi, 59716)
    (i, host, exe, pid) = (69, holy2a15203, /n/home03/amirbitran/ShakhnovichLab/MCPU/src_mpi_umbrella/./fold_potential_mpi, 59717)
    (i, host, exe, pid) = (70, holy2a15203, /n/home03/amirbitran/ShakhnovichLab/MCPU/src_mpi_umbrella/./fold_potential_mpi, 59719)
    (i, host, exe, pid) = (71, holy2a15203, /n/home03/amirbitran/ShakhnovichLab/MCPU/src_mpi_umbrella/./fold_potential_mpi, 59724)
    (i, host, exe, pid) = (72, holy2a15203, /n/home03/amirbitran/ShakhnovichLab/MCPU/src_mpi_umbrella/./fold_potential_mpi, 59729)
    (i, host, exe, pid) = (73, holy2a15203, /n/home03/amirbitran/ShakhnovichLab/MCPU/src_mpi_umbrella/./fold_potential_mpi, 59741)
    (i, host, exe, pid) = (74, holy2a15203, /n/home03/amirbitran/ShakhnovichLab/MCPU/src_mpi_umbrella/./fold_potential_mpi, 59746)
    (i, host, exe, pid) = (75, holy2a15203, /n/home03/amirbitran/ShakhnovichLab/MCPU/src_mpi_umbrella/./fold_potential_mpi, 59747)
    (i, host, exe, pid) = (76, holy2a15203, /n/home03/amirbitran/ShakhnovichLab/MCPU/src_mpi_umbrella/./fold_potential_mpi, 59748)
    (i, host, exe, pid) = (77, holy2a15203, /n/home03/amirbitran/ShakhnovichLab/MCPU/src_mpi_umbrella/./fold_potential_mpi, 59749)
    (i, host, exe, pid) = (78, holy2a15203, /n/home03/amirbitran/ShakhnovichLab/MCPU/src_mpi_umbrella/./fold_potential_mpi, 59758)
    (i, host, exe, pid) = (79, holy2a15203, /n/home03/amirbitran/ShakhnovichLab/MCPU/src_mpi_umbrella/./fold_potential_mpi, 59770)
    (i, host, exe, pid) = (80, holy2a15203, /n/home03/amirbitran/ShakhnovichLab/MCPU/src_mpi_umbrella/./fold_potential_mpi, 59777)
    (i, host, exe, pid) = (81, holy2a15203, /n/home03/amirbitran/ShakhnovichLab/MCPU/src_mpi_umbrella/./fold_potential_mpi, 59781)
    (i, host, exe, pid) = (82, holy2a15203, /n/home03/amirbitran/ShakhnovichLab/MCPU/src_mpi_umbrella/./fold_potential_mpi, 59790)
    (i, host, exe, pid) = (83, holy2a15203, /n/home03/amirbitran/ShakhnovichLab/MCPU/src_mpi_umbrella/./fold_potential_mpi, 59806)
    (i, host, exe, pid) = (84, holy2a15203, /n/home03/amirbitran/ShakhnovichLab/MCPU/src_mpi_umbrella/./fold_potential_mpi, 59818)
    (i, host, exe, pid) = (85, holy2a15203, /n/home03/amirbitran/ShakhnovichLab/MCPU/src_mpi_umbrella/./fold_potential_mpi, 59828)
    (i, host, exe, pid) = (86, holy2a15203, /n/home03/amirbitran/ShakhnovichLab/MCPU/src_mpi_umbrella/./fold_potential_mpi, 59832)
    (i, host, exe, pid) = (87, holy2a15203, /n/home03/amirbitran/ShakhnovichLab/MCPU/src_mpi_umbrella/./fold_potential_mpi, 59836)
    (i, host, exe, pid) = (88, holy2a15203, /n/home03/amirbitran/ShakhnovichLab/MCPU/src_mpi_umbrella/./fold_potential_mpi, 59837)
    (i, host, exe, pid) = (89, holy2a15203, /n/home03/amirbitran/ShakhnovichLab/MCPU/src_mpi_umbrella/./fold_potential_mpi, 59845)
    (i, host, exe, pid) = (90, holy2a15203, /n/home03/amirbitran/ShakhnovichLab/MCPU/src_mpi_umbrella/./fold_potential_mpi, 59853)
    (i, host, exe, pid) = (91, holy2a15203, /n/home03/amirbitran/ShakhnovichLab/MCPU/src_mpi_umbrella/./fold_potential_mpi, 59864)
    (i, host, exe, pid) = (92, holy2a15203, /n/home03/amirbitran/ShakhnovichLab/MCPU/src_mpi_umbrella/./fold_potential_mpi, 59869)
    (i, host, exe, pid) = (93, holy2a15203, /n/home03/amirbitran/ShakhnovichLab/MCPU/src_mpi_umbrella/./fold_potential_mpi, 59876)
    (i, host, exe, pid) = (94, holy2a15203, /n/home03/amirbitran/ShakhnovichLab/MCPU/src_mpi_umbrella/./fold_potential_mpi, 59882)
    (i, host, exe, pid) = (95, holy2a15203, /n/home03/amirbitran/ShakhnovichLab/MCPU/src_mpi_umbrella/./fold_potential_mpi, 59889)
    (i, host, exe, pid) = (96, holy2a15204, /n/home03/amirbitran/ShakhnovichLab/MCPU/src_mpi_umbrella/./fold_potential_mpi, 13290)
    (i, host, exe, pid) = (97, holy2a15204, /n/home03/amirbitran/ShakhnovichLab/MCPU/src_mpi_umbrella/./fold_potential_mpi, 13291)
    (i, host, exe, pid) = (98, holy2a15204, /n/home03/amirbitran/ShakhnovichLab/MCPU/src_mpi_umbrella/./fold_potential_mpi, 13292)
    (i, host, exe, pid) = (99, holy2a15204, /n/home03/amirbitran/ShakhnovichLab/MCPU/src_mpi_umbrella/./fold_potential_mpi, 13293)
    (i, host, exe, pid) = (100, holy2a15204, /n/home03/amirbitran/ShakhnovichLab/MCPU/src_mpi_umbrella/./fold_potential_mpi, 13294)
    (i, host, exe, pid) = (101, holy2a15204, /n/home03/amirbitran/ShakhnovichLab/MCPU/src_mpi_umbrella/./fold_potential_mpi, 13295)
    (i, host, exe, pid) = (102, holy2a15204, /n/home03/amirbitran/ShakhnovichLab/MCPU/src_mpi_umbrella/./fold_potential_mpi, 13296)
    (i, host, exe, pid) = (103, holy2a15204, /n/home03/amirbitran/ShakhnovichLab/MCPU/src_mpi_umbrella/./fold_potential_mpi, 13300)
    (i, host, exe, pid) = (104, holy2a15204, /n/home03/amirbitran/ShakhnovichLab/MCPU/src_mpi_umbrella/./fold_potential_mpi, 13303)
    (i, host, exe, pid) = (105, holy2a15204, /n/home03/amirbitran/ShakhnovichLab/MCPU/src_mpi_umbrella/./fold_potential_mpi, 13309)
    (i, host, exe, pid) = (106, holy2a15204, /n/home03/amirbitran/ShakhnovichLab/MCPU/src_mpi_umbrella/./fold_potential_mpi, 13312)
    (i, host, exe, pid) = (107, holy2a15204, /n/home03/amirbitran/ShakhnovichLab/MCPU/src_mpi_umbrella/./fold_potential_mpi, 13315)
    (i, host, exe, pid) = (108, holy2a15204, /n/home03/amirbitran/ShakhnovichLab/MCPU/src_mpi_umbrella/./fold_potential_mpi, 13321)
    (i, host, exe, pid) = (109, holy2a15204, /n/home03/amirbitran/ShakhnovichLab/MCPU/src_mpi_umbrella/./fold_potential_mpi, 13329)
    (i, host, exe, pid) = (110, holy2a15204, /n/home03/amirbitran/ShakhnovichLab/MCPU/src_mpi_umbrella/./fold_potential_mpi, 13331)
    (i, host, exe, pid) = (111, holy2a15204, /n/home03/amirbitran/ShakhnovichLab/MCPU/src_mpi_umbrella/./fold_potential_mpi, 13337)
    (i, host, exe, pid) = (112, holy2a15204, /n/home03/amirbitran/ShakhnovichLab/MCPU/src_mpi_umbrella/./fold_potential_mpi, 13344)
    (i, host, exe, pid) = (113, holy2a15204, /n/home03/amirbitran/ShakhnovichLab/MCPU/src_mpi_umbrella/./fold_potential_mpi, 13356)
    (i, host, exe, pid) = (114, holy2a15204, /n/home03/amirbitran/ShakhnovichLab/MCPU/src_mpi_umbrella/./fold_potential_mpi, 13362)
    (i, host, exe, pid) = (115, holy2a15204, /n/home03/amirbitran/ShakhnovichLab/MCPU/src_mpi_umbrella/./fold_potential_mpi, 13366)
    (i, host, exe, pid) = (116, holy2a15204, /n/home03/amirbitran/ShakhnovichLab/MCPU/src_mpi_umbrella/./fold_potential_mpi, 13376)
    (i, host, exe, pid) = (117, holy2a15204, /n/home03/amirbitran/ShakhnovichLab/MCPU/src_mpi_umbrella/./fold_potential_mpi, 13379)
    (i, host, exe, pid) = (118, holy2a15204, /n/home03/amirbitran/ShakhnovichLab/MCPU/src_mpi_umbrella/./fold_potential_mpi, 13392)
    (i, host, exe, pid) = (119, holy2a15204, /n/home03/amirbitran/ShakhnovichLab/MCPU/src_mpi_umbrella/./fold_potential_mpi, 13396)
    (i, host, exe, pid) = (120, holy2a15204, /n/home03/amirbitran/ShakhnovichLab/MCPU/src_mpi_umbrella/./fold_potential_mpi, 13406)
    (i, host, exe, pid) = (121, holy2a15204, /n/home03/amirbitran/ShakhnovichLab/MCPU/src_mpi_umbrella/./fold_potential_mpi, 13415)
    (i, host, exe, pid) = (122, holy2a15204, /n/home03/amirbitran/ShakhnovichLab/MCPU/src_mpi_umbrella/./fold_potential_mpi, 13421)
    (i, host, exe, pid) = (123, holy2a15204, /n/home03/amirbitran/ShakhnovichLab/MCPU/src_mpi_umbrella/./fold_potential_mpi, 13425)
    (i, host, exe, pid) = (124, holy2a15204, /n/home03/amirbitran/ShakhnovichLab/MCPU/src_mpi_umbrella/./fold_potential_mpi, 13431)
    (i, host, exe, pid) = (125, holy2a15204, /n/home03/amirbitran/ShakhnovichLab/MCPU/src_mpi_umbrella/./fold_potential_mpi, 13438)
    (i, host, exe, pid) = (126, holy2a15204, /n/home03/amirbitran/ShakhnovichLab/MCPU/src_mpi_umbrella/./fold_potential_mpi, 13448)
    (i, host, exe, pid) = (127, holy2a15204, /n/home03/amirbitran/ShakhnovichLab/MCPU/src_mpi_umbrella/./fold_potential_mpi, 13453)
    (i, host, exe, pid) = (128, holy2a15204, /n/home03/amirbitran/ShakhnovichLab/MCPU/src_mpi_umbrella/./fold_potential_mpi, 13457)
    (i, host, exe, pid) = (129, holy2a15204, /n/home03/amirbitran/ShakhnovichLab/MCPU/src_mpi_umbrella/./fold_potential_mpi, 13471)
    (i, host, exe, pid) = (130, holy2a15204, /n/home03/amirbitran/ShakhnovichLab/MCPU/src_mpi_umbrella/./fold_potential_mpi, 13474)
    (i, host, exe, pid) = (131, holy2a15204, /n/home03/amirbitran/ShakhnovichLab/MCPU/src_mpi_umbrella/./fold_potential_mpi, 13477)
    (i, host, exe, pid) = (132, holy2a15204, /n/home03/amirbitran/ShakhnovichLab/MCPU/src_mpi_umbrella/./fold_potential_mpi, 13481)
    (i, host, exe, pid) = (133, holy2a15204, /n/home03/amirbitran/ShakhnovichLab/MCPU/src_mpi_umbrella/./fold_potential_mpi, 13495)
    (i, host, exe, pid) = (134, holy2a15204, /n/home03/amirbitran/ShakhnovichLab/MCPU/src_mpi_umbrella/./fold_potential_mpi, 13502)
    (i, host, exe, pid) = (135, holy2a15204, /n/home03/amirbitran/ShakhnovichLab/MCPU/src_mpi_umbrella/./fold_potential_mpi, 13509)
    (i, host, exe, pid) = (136, holy2a15204, /n/home03/amirbitran/ShakhnovichLab/MCPU/src_mpi_umbrella/./fold_potential_mpi, 13516)
    (i, host, exe, pid) = (137, holy2a15204, /n/home03/amirbitran/ShakhnovichLab/MCPU/src_mpi_umbrella/./fold_potential_mpi, 13519)
    (i, host, exe, pid) = (138, holy2a15204, /n/home03/amirbitran/ShakhnovichLab/MCPU/src_mpi_umbrella/./fold_potential_mpi, 13532)
    (i, host, exe, pid) = (139, holy2a15204, /n/home03/amirbitran/ShakhnovichLab/MCPU/src_mpi_umbrella/./fold_potential_mpi, 13537)
    (i, host, exe, pid) = (140, holy2a15204, /n/home03/amirbitran/ShakhnovichLab/MCPU/src_mpi_umbrella/./fold_potential_mpi, 13540)
    (i, host, exe, pid) = (141, holy2a15204, /n/home03/amirbitran/ShakhnovichLab/MCPU/src_mpi_umbrella/./fold_potential_mpi, 13552)
    (i, host, exe, pid) = (142, holy2a15204, /n/home03/amirbitran/ShakhnovichLab/MCPU/src_mpi_umbrella/./fold_potential_mpi, 13559)
    (i, host, exe, pid) = (143, holy2a15204, /n/home03/amirbitran/ShakhnovichLab/MCPU/src_mpi_umbrella/./fold_potential_mpi, 13570)
    (i, host, exe, pid) = (144, holy2a15204, /n/home03/amirbitran/ShakhnovichLab/MCPU/src_mpi_umbrella/./fold_potential_mpi, 13586)
    (i, host, exe, pid) = (145, holy2a15204, /n/home03/amirbitran/ShakhnovichLab/MCPU/src_mpi_umbrella/./fold_potential_mpi, 13600)
    (i, host, exe, pid) = (146, holy2a15206, /n/home03/amirbitran/ShakhnovichLab/MCPU/src_mpi_umbrella/./fold_potential_mpi, 8306)
    (i, host, exe, pid) = (147, holy2a15206, /n/home03/amirbitran/ShakhnovichLab/MCPU/src_mpi_umbrella/./fold_potential_mpi, 8307)
    (i, host, exe, pid) = (148, holy2a15206, /n/home03/amirbitran/ShakhnovichLab/MCPU/src_mpi_umbrella/./fold_potential_mpi, 8308)
    (i, host, exe, pid) = (149, holy2a15206, /n/home03/amirbitran/ShakhnovichLab/MCPU/src_mpi_umbrella/./fold_potential_mpi, 8309)
    (i, host, exe, pid) = (150, holy2a15206, /n/home03/amirbitran/ShakhnovichLab/MCPU/src_mpi_umbrella/./fold_potential_mpi, 8310)
    (i, host, exe, pid) = (151, holy2a15206, /n/home03/amirbitran/ShakhnovichLab/MCPU/src_mpi_umbrella/./fold_potential_mpi, 8311)
    (i, host, exe, pid) = (152, holy2a15206, /n/home03/amirbitran/ShakhnovichLab/MCPU/src_mpi_umbrella/./fold_potential_mpi, 8312)
    (i, host, exe, pid) = (153, holy2a15206, /n/home03/amirbitran/ShakhnovichLab/MCPU/src_mpi_umbrella/./fold_potential_mpi, 8316)
    (i, host, exe, pid) = (154, holy2a15206, /n/home03/amirbitran/ShakhnovichLab/MCPU/src_mpi_umbrella/./fold_potential_mpi, 8319)
    (i, host, exe, pid) = (155, holy2a15206, /n/home03/amirbitran/ShakhnovichLab/MCPU/src_mpi_umbrella/./fold_potential_mpi, 8323)
    (i, host, exe, pid) = (156, holy2a15206, /n/home03/amirbitran/ShakhnovichLab/MCPU/src_mpi_umbrella/./fold_potential_mpi, 8328)
    (i, host, exe, pid) = (157, holy2a15206, /n/home03/amirbitran/ShakhnovichLab/MCPU/src_mpi_umbrella/./fold_potential_mpi, 8331)
    (i, host, exe, pid) = (158, holy2a15206, /n/home03/amirbitran/ShakhnovichLab/MCPU/src_mpi_umbrella/./fold_potential_mpi, 8334)
    (i, host, exe, pid) = (159, holy2a15206, /n/home03/amirbitran/ShakhnovichLab/MCPU/src_mpi_umbrella/./fold_potential_mpi, 8337)
    (i, host, exe, pid) = (160, holy2a15206, /n/home03/amirbitran/ShakhnovichLab/MCPU/src_mpi_umbrella/./fold_potential_mpi, 8340)
    (i, host, exe, pid) = (161, holy2a15206, /n/home03/amirbitran/ShakhnovichLab/MCPU/src_mpi_umbrella/./fold_potential_mpi, 8352)
    (i, host, exe, pid) = (162, holy2a15206, /n/home03/amirbitran/ShakhnovichLab/MCPU/src_mpi_umbrella/./fold_potential_mpi, 8355)
    (i, host, exe, pid) = (163, holy2a15206, /n/home03/amirbitran/ShakhnovichLab/MCPU/src_mpi_umbrella/./fold_potential_mpi, 8364)
    (i, host, exe, pid) = (164, holy2a15206, /n/home03/amirbitran/ShakhnovichLab/MCPU/src_mpi_umbrella/./fold_potential_mpi, 8372)
    (i, host, exe, pid) = (165, holy2a15206, /n/home03/amirbitran/ShakhnovichLab/MCPU/src_mpi_umbrella/./fold_potential_mpi, 8381)
    (i, host, exe, pid) = (166, holy2a15206, /n/home03/amirbitran/ShakhnovichLab/MCPU/src_mpi_umbrella/./fold_potential_mpi, 8388)
    (i, host, exe, pid) = (167, holy2a15206, /n/home03/amirbitran/ShakhnovichLab/MCPU/src_mpi_umbrella/./fold_potential_mpi, 8394)
    (i, host, exe, pid) = (168, holy2a15206, /n/home03/amirbitran/ShakhnovichLab/MCPU/src_mpi_umbrella/./fold_potential_mpi, 8408)
    (i, host, exe, pid) = (169, holy2a15206, /n/home03/amirbitran/ShakhnovichLab/MCPU/src_mpi_umbrella/./fold_potential_mpi, 8416)
    (i, host, exe, pid) = (170, holy2a15206, /n/home03/amirbitran/ShakhnovichLab/MCPU/src_mpi_umbrella/./fold_potential_mpi, 8429)
    (i, host, exe, pid) = (171, holy2a15206, /n/home03/amirbitran/ShakhnovichLab/MCPU/src_mpi_umbrella/./fold_potential_mpi, 8435)
    (i, host, exe, pid) = (172, holy2a15206, /n/home03/amirbitran/ShakhnovichLab/MCPU/src_mpi_umbrella/./fold_potential_mpi, 8439)
    (i, host, exe, pid) = (173, holy2a15206, /n/home03/amirbitran/ShakhnovichLab/MCPU/src_mpi_umbrella/./fold_potential_mpi, 8442)
    (i, host, exe, pid) = (174, holy2a15206, /n/home03/amirbitran/ShakhnovichLab/MCPU/src_mpi_umbrella/./fold_potential_mpi, 8449)
    (i, host, exe, pid) = (175, holy2a15206, /n/home03/amirbitran/ShakhnovichLab/MCPU/src_mpi_umbrella/./fold_potential_mpi, 8456)
    (i, host, exe, pid) = (176, holy2a15206, /n/home03/amirbitran/ShakhnovichLab/MCPU/src_mpi_umbrella/./fold_potential_mpi, 8467)
    (i, host, exe, pid) = (177, holy2a15206, /n/home03/amirbitran/ShakhnovichLab/MCPU/src_mpi_umbrella/./fold_potential_mpi, 8474)
    (i, host, exe, pid) = (178, holy2a15206, /n/home03/amirbitran/ShakhnovichLab/MCPU/src_mpi_umbrella/./fold_potential_mpi, 8480)
    (i, host, exe, pid) = (179, holy2a15206, /n/home03/amirbitran/ShakhnovichLab/MCPU/src_mpi_umbrella/./fold_potential_mpi, 8484)
    (i, host, exe, pid) = (180, holy2a15206, /n/home03/amirbitran/ShakhnovichLab/MCPU/src_mpi_umbrella/./fold_potential_mpi, 8487)
    (i, host, exe, pid) = (181, holy2a15206, /n/home03/amirbitran/ShakhnovichLab/MCPU/src_mpi_umbrella/./fold_potential_mpi, 8493)
    (i, host, exe, pid) = (182, holy2a15206, /n/home03/amirbitran/ShakhnovichLab/MCPU/src_mpi_umbrella/./fold_potential_mpi, 8500)
    (i, host, exe, pid) = (183, holy2a15206, /n/home03/amirbitran/ShakhnovichLab/MCPU/src_mpi_umbrella/./fold_potential_mpi, 8507)
    (i, host, exe, pid) = (184, holy2a15206, /n/home03/amirbitran/ShakhnovichLab/MCPU/src_mpi_umbrella/./fold_potential_mpi, 8514)
    (i, host, exe, pid) = (185, holy2a15206, /n/home03/amirbitran/ShakhnovichLab/MCPU/src_mpi_umbrella/./fold_potential_mpi, 8522)
    (i, host, exe, pid) = (186, holy2a15206, /n/home03/amirbitran/ShakhnovichLab/MCPU/src_mpi_umbrella/./fold_potential_mpi, 8529)
    (i, host, exe, pid) = (187, holy2a15206, /n/home03/amirbitran/ShakhnovichLab/MCPU/src_mpi_umbrella/./fold_potential_mpi, 8545)
    (i, host, exe, pid) = (188, holy2a15206, /n/home03/amirbitran/ShakhnovichLab/MCPU/src_mpi_umbrella/./fold_potential_mpi, 8553)
    (i, host, exe, pid) = (189, holy2a15206, /n/home03/amirbitran/ShakhnovichLab/MCPU/src_mpi_umbrella/./fold_potential_mpi, 8559)
    (i, host, exe, pid) = (190, holy2a15206, /n/home03/amirbitran/ShakhnovichLab/MCPU/src_mpi_umbrella/./fold_potential_mpi, 8569)
    (i, host, exe, pid) = (191, holy2a15206, /n/home03/amirbitran/ShakhnovichLab/MCPU/src_mpi_umbrella/./fold_potential_mpi, 8576)
    (i, host, exe, pid) = (192, holy2a15206, /n/home03/amirbitran/ShakhnovichLab/MCPU/src_mpi_umbrella/./fold_potential_mpi, 8583)
    (i, host, exe, pid) = (193, holy2a15206, /n/home03/amirbitran/ShakhnovichLab/MCPU/src_mpi_umbrella/./fold_potential_mpi, 8590)
    (i, host, exe, pid) = (194, holy2a15206, /n/home03/amirbitran/ShakhnovichLab/MCPU/src_mpi_umbrella/./fold_potential_mpi, 8607)
    (i, host, exe, pid) = (195, holy2a15206, /n/home03/amirbitran/ShakhnovichLab/MCPU/src_mpi_umbrella/./fold_potential_mpi, 8616)
    (i, host, exe, pid) = (196, holy2a15206, /n/home03/amirbitran/ShakhnovichLab/MCPU/src_mpi_umbrella/./fold_potential_mpi, 8623)
    (i, host, exe, pid) = (197, holy2a15206, /n/home03/amirbitran/ShakhnovichLab/MCPU/src_mpi_umbrella/./fold_potential_mpi, 8630)
    (i, host, exe, pid) = (198, holy2a15206, /n/home03/amirbitran/ShakhnovichLab/MCPU/src_mpi_umbrella/./fold_potential_mpi, 8632)
    (i, host, exe, pid) = (199, holy2a15206, /n/home03/amirbitran/ShakhnovichLab/MCPU/src_mpi_umbrella/./fold_potential_mpi, 8637)
    (i, host, exe, pid) = (200, holy2a15206, /n/home03/amirbitran/ShakhnovichLab/MCPU/src_mpi_umbrella/./fold_potential_mpi, 8640)
    (i, host, exe, pid) = (201, holy2a15206, /n/home03/amirbitran/ShakhnovichLab/MCPU/src_mpi_umbrella/./fold_potential_mpi, 8650)
    (i, host, exe, pid) = (202, holy2a15206, /n/home03/amirbitran/ShakhnovichLab/MCPU/src_mpi_umbrella/./fold_potential_mpi, 8661)
    (i, host, exe, pid) = (203, holy2a15206, /n/home03/amirbitran/ShakhnovichLab/MCPU/src_mpi_umbrella/./fold_potential_mpi, 8670)
    (i, host, exe, pid) = (204, holy2a15206, /n/home03/amirbitran/ShakhnovichLab/MCPU/src_mpi_umbrella/./fold_potential_mpi, 8673)
    (i, host, exe, pid) = (205, holy2a15206, /n/home03/amirbitran/ShakhnovichLab/MCPU/src_mpi_umbrella/./fold_potential_mpi, 8676)
    (i, host, exe, pid) = (206, holy2a15206, /n/home03/amirbitran/ShakhnovichLab/MCPU/src_mpi_umbrella/./fold_potential_mpi, 8682)
    (i, host, exe, pid) = (207, holy2a15206, /n/home03/amirbitran/ShakhnovichLab/MCPU/src_mpi_umbrella/./fold_potential_mpi, 8689)
    (i, host, exe, pid) = (208, holy2a15206, /n/home03/amirbitran/ShakhnovichLab/MCPU/src_mpi_umbrella/./fold_potential_mpi, 8697)
    (i, host, exe, pid) = (209, holy2a15206, /n/home03/amirbitran/ShakhnovichLab/MCPU/src_mpi_umbrella/./fold_potential_mpi, 8703)
    (i, host, exe, pid) = (210, holy2a15207, /n/home03/amirbitran/ShakhnovichLab/MCPU/src_mpi_umbrella/./fold_potential_mpi, 50244)
    (i, host, exe, pid) = (211, holy2a15207, /n/home03/amirbitran/ShakhnovichLab/MCPU/src_mpi_umbrella/./fold_potential_mpi, 50245)
    (i, host, exe, pid) = (212, holy2a15207, /n/home03/amirbitran/ShakhnovichLab/MCPU/src_mpi_umbrella/./fold_potential_mpi, 50246)
    (i, host, exe, pid) = (213, holy2a15207, /n/home03/amirbitran/ShakhnovichLab/MCPU/src_mpi_umbrella/./fold_potential_mpi, 50247)
    (i, host, exe, pid) = (214, holy2a15207, /n/home03/amirbitran/ShakhnovichLab/MCPU/src_mpi_umbrella/./fold_potential_mpi, 50248)
    (i, host, exe, pid) = (215, holy2a15207, /n/home03/amirbitran/ShakhnovichLab/MCPU/src_mpi_umbrella/./fold_potential_mpi, 50249)
    (i, host, exe, pid) = (216, holy2a15207, /n/home03/amirbitran/ShakhnovichLab/MCPU/src_mpi_umbrella/./fold_potential_mpi, 50250)
    (i, host, exe, pid) = (217, holy2a15207, /n/home03/amirbitran/ShakhnovichLab/MCPU/src_mpi_umbrella/./fold_potential_mpi, 50252)
    (i, host, exe, pid) = (218, holy2a15207, /n/home03/amirbitran/ShakhnovichLab/MCPU/src_mpi_umbrella/./fold_potential_mpi, 50256)
    (i, host, exe, pid) = (219, holy2a15207, /n/home03/amirbitran/ShakhnovichLab/MCPU/src_mpi_umbrella/./fold_potential_mpi, 50261)
    (i, host, exe, pid) = (220, holy2a15207, /n/home03/amirbitran/ShakhnovichLab/MCPU/src_mpi_umbrella/./fold_potential_mpi, 50265)
    (i, host, exe, pid) = (221, holy2a15207, /n/home03/amirbitran/ShakhnovichLab/MCPU/src_mpi_umbrella/./fold_potential_mpi, 50268)
    (i, host, exe, pid) = (222, holy2a15207, /n/home03/amirbitran/ShakhnovichLab/MCPU/src_mpi_umbrella/./fold_potential_mpi, 50271)
    (i, host, exe, pid) = (223, holy2a15207, /n/home03/amirbitran/ShakhnovichLab/MCPU/src_mpi_umbrella/./fold_potential_mpi, 50274)
    (i, host, exe, pid) = (224, holy2a15207, /n/home03/amirbitran/ShakhnovichLab/MCPU/src_mpi_umbrella/./fold_potential_mpi, 50276)
    (i, host, exe, pid) = (225, holy2a15207, /n/home03/amirbitran/ShakhnovichLab/MCPU/src_mpi_umbrella/./fold_potential_mpi, 50284)
    (i, host, exe, pid) = (226, holy2a15207, /n/home03/amirbitran/ShakhnovichLab/MCPU/src_mpi_umbrella/./fold_potential_mpi, 50291)
    (i, host, exe, pid) = (227, holy2a15207, /n/home03/amirbitran/ShakhnovichLab/MCPU/src_mpi_umbrella/./fold_potential_mpi, 50298)
    (i, host, exe, pid) = (228, holy2a15207, /n/home03/amirbitran/ShakhnovichLab/MCPU/src_mpi_umbrella/./fold_potential_mpi, 50312)
    (i, host, exe, pid) = (229, holy2a15207, /n/home03/amirbitran/ShakhnovichLab/MCPU/src_mpi_umbrella/./fold_potential_mpi, 50320)
    (i, host, exe, pid) = (230, holy2a15207, /n/home03/amirbitran/ShakhnovichLab/MCPU/src_mpi_umbrella/./fold_potential_mpi, 50326)
    (i, host, exe, pid) = (231, holy2a15207, /n/home03/amirbitran/ShakhnovichLab/MCPU/src_mpi_umbrella/./fold_potential_mpi, 50332)
    (i, host, exe, pid) = (232, holy2a15207, /n/home03/amirbitran/ShakhnovichLab/MCPU/src_mpi_umbrella/./fold_potential_mpi, 50336)
    (i, host, exe, pid) = (233, holy2a15207, /n/home03/amirbitran/ShakhnovichLab/MCPU/src_mpi_umbrella/./fold_potential_mpi, 50348)
    (i, host, exe, pid) = (234, holy2a15207, /n/home03/amirbitran/ShakhnovichLab/MCPU/src_mpi_umbrella/./fold_potential_mpi, 50359)
    (i, host, exe, pid) = (235, holy2a15207, /n/home03/amirbitran/ShakhnovichLab/MCPU/src_mpi_umbrella/./fold_potential_mpi, 50365)
    (i, host, exe, pid) = (236, holy2a15207, /n/home03/amirbitran/ShakhnovichLab/MCPU/src_mpi_umbrella/./fold_potential_mpi, 50373)
    (i, host, exe, pid) = (237, holy2a15207, /n/home03/amirbitran/ShakhnovichLab/MCPU/src_mpi_umbrella/./fold_potential_mpi, 50380)
    (i, host, exe, pid) = (238, holy2a15207, /n/home03/amirbitran/ShakhnovichLab/MCPU/src_mpi_umbrella/./fold_potential_mpi, 50386)
    (i, host, exe, pid) = (239, holy2a15207, /n/home03/amirbitran/ShakhnovichLab/MCPU/src_mpi_umbrella/./fold_potential_mpi, 50389)
    (i, host, exe, pid) = (240, holy2a15207, /n/home03/amirbitran/ShakhnovichLab/MCPU/src_mpi_umbrella/./fold_potential_mpi, 50399)
    (i, host, exe, pid) = (241, holy2a15207, /n/home03/amirbitran/ShakhnovichLab/MCPU/src_mpi_umbrella/./fold_potential_mpi, 50407)
    (i, host, exe, pid) = (242, holy2a15207, /n/home03/amirbitran/ShakhnovichLab/MCPU/src_mpi_umbrella/./fold_potential_mpi, 50413)
    (i, host, exe, pid) = (243, holy2a15207, /n/home03/amirbitran/ShakhnovichLab/MCPU/src_mpi_umbrella/./fold_potential_mpi, 50421)
    (i, host, exe, pid) = (244, holy2a15207, /n/home03/amirbitran/ShakhnovichLab/MCPU/src_mpi_umbrella/./fold_potential_mpi, 50428)
    (i, host, exe, pid) = (245, holy2a15207, /n/home03/amirbitran/ShakhnovichLab/MCPU/src_mpi_umbrella/./fold_potential_mpi, 50431)
    (i, host, exe, pid) = (246, holy2a15207, /n/home03/amirbitran/ShakhnovichLab/MCPU/src_mpi_umbrella/./fold_potential_mpi, 50437)
    (i, host, exe, pid) = (247, holy2a15207, /n/home03/amirbitran/ShakhnovichLab/MCPU/src_mpi_umbrella/./fold_potential_mpi, 50444)
    (i, host, exe, pid) = (248, holy2a15207, /n/home03/amirbitran/ShakhnovichLab/MCPU/src_mpi_umbrella/./fold_potential_mpi, 50452)
    (i, host, exe, pid) = (249, holy2a15207, /n/home03/amirbitran/ShakhnovichLab/MCPU/src_mpi_umbrella/./fold_potential_mpi, 50456)
    (i, host, exe, pid) = (250, holy2a15207, /n/home03/amirbitran/ShakhnovichLab/MCPU/src_mpi_umbrella/./fold_potential_mpi, 50465)
    (i, host, exe, pid) = (251, holy2a15207, /n/home03/amirbitran/ShakhnovichLab/MCPU/src_mpi_umbrella/./fold_potential_mpi, 50473)
    (i, host, exe, pid) = (252, holy2a15207, /n/home03/amirbitran/ShakhnovichLab/MCPU/src_mpi_umbrella/./fold_potential_mpi, 50480)
    (i, host, exe, pid) = (253, holy2a15207, /n/home03/amirbitran/ShakhnovichLab/MCPU/src_mpi_umbrella/./fold_potential_mpi, 50488)
    (i, host, exe, pid) = (254, holy2a15207, /n/home03/amirbitran/ShakhnovichLab/MCPU/src_mpi_umbrella/./fold_potential_mpi, 50495)
    (i, host, exe, pid) = (255, holy2a15207, /n/home03/amirbitran/ShakhnovichLab/MCPU/src_mpi_umbrella/./fold_potential_mpi, 50499)
    (i, host, exe, pid) = (256, holy2a15207, /n/home03/amirbitran/ShakhnovichLab/MCPU/src_mpi_umbrella/./fold_potential_mpi, 50512)
    (i, host, exe, pid) = (257, holy2a15207, /n/home03/amirbitran/ShakhnovichLab/MCPU/src_mpi_umbrella/./fold_potential_mpi, 50520)
    (i, host, exe, pid) = (258, holy2a15207, /n/home03/amirbitran/ShakhnovichLab/MCPU/src_mpi_umbrella/./fold_potential_mpi, 50533)
    (i, host, exe, pid) = (259, holy2a15207, /n/home03/amirbitran/ShakhnovichLab/MCPU/src_mpi_umbrella/./fold_potential_mpi, 50546)
    (i, host, exe, pid) = (260, holy2a15207, /n/home03/amirbitran/ShakhnovichLab/MCPU/src_mpi_umbrella/./fold_potential_mpi, 50553)
    (i, host, exe, pid) = (261, holy2a15207, /n/home03/amirbitran/ShakhnovichLab/MCPU/src_mpi_umbrella/./fold_potential_mpi, 50556)
    (i, host, exe, pid) = (262, holy2a15207, /n/home03/amirbitran/ShakhnovichLab/MCPU/src_mpi_umbrella/./fold_potential_mpi, 50563)
    (i, host, exe, pid) = (263, holy2a15207, /n/home03/amirbitran/ShakhnovichLab/MCPU/src_mpi_umbrella/./fold_potential_mpi, 50566)
    (i, host, exe, pid) = (264, holy2a15207, /n/home03/amirbitran/ShakhnovichLab/MCPU/src_mpi_umbrella/./fold_potential_mpi, 50569)
    (i, host, exe, pid) = (265, holy2a15207, /n/home03/amirbitran/ShakhnovichLab/MCPU/src_mpi_umbrella/./fold_potential_mpi, 50580)
    (i, host, exe, pid) = (266, holy2a15207, /n/home03/amirbitran/ShakhnovichLab/MCPU/src_mpi_umbrella/./fold_potential_mpi, 50588)
    (i, host, exe, pid) = (267, holy2a15207, /n/home03/amirbitran/ShakhnovichLab/MCPU/src_mpi_umbrella/./fold_potential_mpi, 50595)
    (i, host, exe, pid) = (268, holy2a15207, /n/home03/amirbitran/ShakhnovichLab/MCPU/src_mpi_umbrella/./fold_potential_mpi, 50602)
    (i, host, exe, pid) = (269, holy2a15207, /n/home03/amirbitran/ShakhnovichLab/MCPU/src_mpi_umbrella/./fold_potential_mpi, 50605)
    (i, host, exe, pid) = (270, holy2a15207, /n/home03/amirbitran/ShakhnovichLab/MCPU/src_mpi_umbrella/./fold_potential_mpi, 50610)
    (i, host, exe, pid) = (271, holy2a15207, /n/home03/amirbitran/ShakhnovichLab/MCPU/src_mpi_umbrella/./fold_potential_mpi, 50619)
    (i, host, exe, pid) = (272, holy2a15207, /n/home03/amirbitran/ShakhnovichLab/MCPU/src_mpi_umbrella/./fold_potential_mpi, 50627)
    (i, host, exe, pid) = (273, holy2a15207, /n/home03/amirbitran/ShakhnovichLab/MCPU/src_mpi_umbrella/./fold_potential_mpi, 50638)
    (i, host, exe, pid) = (274, holy2a15208, /n/home03/amirbitran/ShakhnovichLab/MCPU/src_mpi_umbrella/./fold_potential_mpi, 46581)
    (i, host, exe, pid) = (275, holy2a15208, /n/home03/amirbitran/ShakhnovichLab/MCPU/src_mpi_umbrella/./fold_potential_mpi, 46582)
    (i, host, exe, pid) = (276, holy2a15208, /n/home03/amirbitran/ShakhnovichLab/MCPU/src_mpi_umbrella/./fold_potential_mpi, 46583)
    (i, host, exe, pid) = (277, holy2a15208, /n/home03/amirbitran/ShakhnovichLab/MCPU/src_mpi_umbrella/./fold_potential_mpi, 46584)
    (i, host, exe, pid) = (278, holy2a15208, /n/home03/amirbitran/ShakhnovichLab/MCPU/src_mpi_umbrella/./fold_potential_mpi, 46585)
    (i, host, exe, pid) = (279, holy2a15208, /n/home03/amirbitran/ShakhnovichLab/MCPU/src_mpi_umbrella/./fold_potential_mpi, 46586)
    (i, host, exe, pid) = (280, holy2a15208, /n/home03/amirbitran/ShakhnovichLab/MCPU/src_mpi_umbrella/./fold_potential_mpi, 46588)
    (i, host, exe, pid) = (281, holy2a15208, /n/home03/amirbitran/ShakhnovichLab/MCPU/src_mpi_umbrella/./fold_potential_mpi, 46592)
    (i, host, exe, pid) = (282, holy2a15208, /n/home03/amirbitran/ShakhnovichLab/MCPU/src_mpi_umbrella/./fold_potential_mpi, 46595)
    (i, host, exe, pid) = (283, holy2a15208, /n/home03/amirbitran/ShakhnovichLab/MCPU/src_mpi_umbrella/./fold_potential_mpi, 46599)
    (i, host, exe, pid) = (284, holy2a15208, /n/home03/amirbitran/ShakhnovichLab/MCPU/src_mpi_umbrella/./fold_potential_mpi, 46603)
    (i, host, exe, pid) = (285, holy2a15208, /n/home03/amirbitran/ShakhnovichLab/MCPU/src_mpi_umbrella/./fold_potential_mpi, 46606)
    (i, host, exe, pid) = (286, holy2a15208, /n/home03/amirbitran/ShakhnovichLab/MCPU/src_mpi_umbrella/./fold_potential_mpi, 46609)
    (i, host, exe, pid) = (287, holy2a15208, /n/home03/amirbitran/ShakhnovichLab/MCPU/src_mpi_umbrella/./fold_potential_mpi, 46621)
    (i, host, exe, pid) = (288, holy2a15208, /n/home03/amirbitran/ShakhnovichLab/MCPU/src_mpi_umbrella/./fold_potential_mpi, 46625)
    (i, host, exe, pid) = (289, holy2a15208, /n/home03/amirbitran/ShakhnovichLab/MCPU/src_mpi_umbrella/./fold_potential_mpi, 46631)
    (i, host, exe, pid) = (290, holy2a15208, /n/home03/amirbitran/ShakhnovichLab/MCPU/src_mpi_umbrella/./fold_potential_mpi, 46639)
    (i, host, exe, pid) = (291, holy2a15208, /n/home03/amirbitran/ShakhnovichLab/MCPU/src_mpi_umbrella/./fold_potential_mpi, 46646)
    (i, host, exe, pid) = (292, holy2a15208, /n/home03/amirbitran/ShakhnovichLab/MCPU/src_mpi_umbrella/./fold_potential_mpi, 46657)
    (i, host, exe, pid) = (293, holy2a15208, /n/home03/amirbitran/ShakhnovichLab/MCPU/src_mpi_umbrella/./fold_potential_mpi, 46664)
    (i, host, exe, pid) = (294, holy2a15208, /n/home03/amirbitran/ShakhnovichLab/MCPU/src_mpi_umbrella/./fold_potential_mpi, 46668)
    (i, host, exe, pid) = (295, holy2a15208, /n/home03/amirbitran/ShakhnovichLab/MCPU/src_mpi_umbrella/./fold_potential_mpi, 46674)
    (i, host, exe, pid) = (296, holy2a15208, /n/home03/amirbitran/ShakhnovichLab/MCPU/src_mpi_umbrella/./fold_potential_mpi, 46691)
    (i, host, exe, pid) = (297, holy2a15208, /n/home03/amirbitran/ShakhnovichLab/MCPU/src_mpi_umbrella/./fold_potential_mpi, 46701)
    (i, host, exe, pid) = (298, holy2a15208, /n/home03/amirbitran/ShakhnovichLab/MCPU/src_mpi_umbrella/./fold_potential_mpi, 46708)
    (i, host, exe, pid) = (299, holy2a15208, /n/home03/amirbitran/ShakhnovichLab/MCPU/src_mpi_umbrella/./fold_potential_mpi, 46714)
    (i, host, exe, pid) = (300, holy2a15208, /n/home03/amirbitran/ShakhnovichLab/MCPU/src_mpi_umbrella/./fold_potential_mpi, 46718)
    (i, host, exe, pid) = (301, holy2a15208, /n/home03/amirbitran/ShakhnovichLab/MCPU/src_mpi_umbrella/./fold_potential_mpi, 46721)
    (i, host, exe, pid) = (302, holy2a15208, /n/home03/amirbitran/ShakhnovichLab/MCPU/src_mpi_umbrella/./fold_potential_mpi, 46724)
    (i, host, exe, pid) = (303, holy2a15208, /n/home03/amirbitran/ShakhnovichLab/MCPU/src_mpi_umbrella/./fold_potential_mpi, 46738)
    (i, host, exe, pid) = (304, holy2a15208, /n/home03/amirbitran/ShakhnovichLab/MCPU/src_mpi_umbrella/./fold_potential_mpi, 46744)
    (i, host, exe, pid) = (305, holy2a15208, /n/home03/amirbitran/ShakhnovichLab/MCPU/src_mpi_umbrella/./fold_potential_mpi, 46755)
    (i, host, exe, pid) = (306, holy2a15208, /n/home03/amirbitran/ShakhnovichLab/MCPU/src_mpi_umbrella/./fold_potential_mpi, 46758)
    (i, host, exe, pid) = (307, holy2a15208, /n/home03/amirbitran/ShakhnovichLab/MCPU/src_mpi_umbrella/./fold_potential_mpi, 46761)
    (i, host, exe, pid) = (308, holy2a15208, /n/home03/amirbitran/ShakhnovichLab/MCPU/src_mpi_umbrella/./fold_potential_mpi, 46771)
    (i, host, exe, pid) = (309, holy2a15208, /n/home03/amirbitran/ShakhnovichLab/MCPU/src_mpi_umbrella/./fold_potential_mpi, 46773)
    (i, host, exe, pid) = (310, holy2a15208, /n/home03/amirbitran/ShakhnovichLab/MCPU/src_mpi_umbrella/./fold_potential_mpi, 46779)
    (i, host, exe, pid) = (311, holy2a15208, /n/home03/amirbitran/ShakhnovichLab/MCPU/src_mpi_umbrella/./fold_potential_mpi, 46788)
    (i, host, exe, pid) = (312, holy2a15208, /n/home03/amirbitran/ShakhnovichLab/MCPU/src_mpi_umbrella/./fold_potential_mpi, 46794)
    (i, host, exe, pid) = (313, holy2a15208, /n/home03/amirbitran/ShakhnovichLab/MCPU/src_mpi_umbrella/./fold_potential_mpi, 46804)
    (i, host, exe, pid) = (314, holy2a15208, /n/home03/amirbitran/ShakhnovichLab/MCPU/src_mpi_umbrella/./fold_potential_mpi, 46812)
    (i, host, exe, pid) = (315, holy2a15208, /n/home03/amirbitran/ShakhnovichLab/MCPU/src_mpi_umbrella/./fold_potential_mpi, 46815)
    (i, host, exe, pid) = (316, holy2a15208, /n/home03/amirbitran/ShakhnovichLab/MCPU/src_mpi_umbrella/./fold_potential_mpi, 46822)
    (i, host, exe, pid) = (317, holy2a15208, /n/home03/amirbitran/ShakhnovichLab/MCPU/src_mpi_umbrella/./fold_potential_mpi, 46829)
    (i, host, exe, pid) = (318, holy2a15208, /n/home03/amirbitran/ShakhnovichLab/MCPU/src_mpi_umbrella/./fold_potential_mpi, 46835)
    (i, host, exe, pid) = (319, holy2a15208, /n/home03/amirbitran/ShakhnovichLab/MCPU/src_mpi_umbrella/./fold_potential_mpi, 46844)
    (i, host, exe, pid) = (320, holy2a15208, /n/home03/amirbitran/ShakhnovichLab/MCPU/src_mpi_umbrella/./fold_potential_mpi, 46852)
    (i, host, exe, pid) = (321, holy2a15208, /n/home03/amirbitran/ShakhnovichLab/MCPU/src_mpi_umbrella/./fold_potential_mpi, 46860)
    (i, host, exe, pid) = (322, holy2a15208, /n/home03/amirbitran/ShakhnovichLab/MCPU/src_mpi_umbrella/./fold_potential_mpi, 46871)
    (i, host, exe, pid) = (323, holy2a15208, /n/home03/amirbitran/ShakhnovichLab/MCPU/src_mpi_umbrella/./fold_potential_mpi, 46877)
    (i, host, exe, pid) = (324, holy2a15208, /n/home03/amirbitran/ShakhnovichLab/MCPU/src_mpi_umbrella/./fold_potential_mpi, 46883)
    (i, host, exe, pid) = (325, holy2a15208, /n/home03/amirbitran/ShakhnovichLab/MCPU/src_mpi_umbrella/./fold_potential_mpi, 46892)
    (i, host, exe, pid) = (326, holy2a15208, /n/home03/amirbitran/ShakhnovichLab/MCPU/src_mpi_umbrella/./fold_potential_mpi, 46902)
    (i, host, exe, pid) = (327, holy2a15208, /n/home03/amirbitran/ShakhnovichLab/MCPU/src_mpi_umbrella/./fold_potential_mpi, 46904)
    (i, host, exe, pid) = (328, holy2a15208, /n/home03/amirbitran/ShakhnovichLab/MCPU/src_mpi_umbrella/./fold_potential_mpi, 46915)
    (i, host, exe, pid) = (329, holy2a15208, /n/home03/amirbitran/ShakhnovichLab/MCPU/src_mpi_umbrella/./fold_potential_mpi, 46918)
    (i, host, exe, pid) = (330, holy2a15208, /n/home03/amirbitran/ShakhnovichLab/MCPU/src_mpi_umbrella/./fold_potential_mpi, 46925)
    (i, host, exe, pid) = (331, holy2a15208, /n/home03/amirbitran/ShakhnovichLab/MCPU/src_mpi_umbrella/./fold_potential_mpi, 46933)
    (i, host, exe, pid) = (332, holy2a15208, /n/home03/amirbitran/ShakhnovichLab/MCPU/src_mpi_umbrella/./fold_potential_mpi, 46938)
    (i, host, exe, pid) = (333, holy2a15208, /n/home03/amirbitran/ShakhnovichLab/MCPU/src_mpi_umbrella/./fold_potential_mpi, 46942)
    (i, host, exe, pid) = (334, holy2a15208, /n/home03/amirbitran/ShakhnovichLab/MCPU/src_mpi_umbrella/./fold_potential_mpi, 46951)
    (i, host, exe, pid) = (335, holy2a15208, /n/home03/amirbitran/ShakhnovichLab/MCPU/src_mpi_umbrella/./fold_potential_mpi, 46956)
    (i, host, exe, pid) = (336, holy2a15208, /n/home03/amirbitran/ShakhnovichLab/MCPU/src_mpi_umbrella/./fold_potential_mpi, 46966)
    (i, host, exe, pid) = (337, holy2a15208, /n/home03/amirbitran/ShakhnovichLab/MCPU/src_mpi_umbrella/./fold_potential_mpi, 46970)
    (i, host, exe, pid) = (338, holy2a18306, /n/home03/amirbitran/ShakhnovichLab/MCPU/src_mpi_umbrella/./fold_potential_mpi, 1041)
    (i, host, exe, pid) = (339, holy2a18306, /n/home03/amirbitran/ShakhnovichLab/MCPU/src_mpi_umbrella/./fold_potential_mpi, 1042)
    (i, host, exe, pid) = (340, holy2a18306, /n/home03/amirbitran/ShakhnovichLab/MCPU/src_mpi_umbrella/./fold_potential_mpi, 1043)
    (i, host, exe, pid) = (341, holy2a18306, /n/home03/amirbitran/ShakhnovichLab/MCPU/src_mpi_umbrella/./fold_potential_mpi, 1044)
    (i, host, exe, pid) = (342, holy2a18306, /n/home03/amirbitran/ShakhnovichLab/MCPU/src_mpi_umbrella/./fold_potential_mpi, 1045)
    (i, host, exe, pid) = (343, holy2a18306, /n/home03/amirbitran/ShakhnovichLab/MCPU/src_mpi_umbrella/./fold_potential_mpi, 1046)
    (i, host, exe, pid) = (344, holy2a18306, /n/home03/amirbitran/ShakhnovichLab/MCPU/src_mpi_umbrella/./fold_potential_mpi, 1047)
    (i, host, exe, pid) = (345, holy2a18306, /n/home03/amirbitran/ShakhnovichLab/MCPU/src_mpi_umbrella/./fold_potential_mpi, 1052)
    (i, host, exe, pid) = (346, holy2a18306, /n/home03/amirbitran/ShakhnovichLab/MCPU/src_mpi_umbrella/./fold_potential_mpi, 1053)
    (i, host, exe, pid) = (347, holy2a18306, /n/home03/amirbitran/ShakhnovichLab/MCPU/src_mpi_umbrella/./fold_potential_mpi, 1060)
    (i, host, exe, pid) = (348, holy2a18306, /n/home03/amirbitran/ShakhnovichLab/MCPU/src_mpi_umbrella/./fold_potential_mpi, 1063)
    (i, host, exe, pid) = (349, holy2a18306, /n/home03/amirbitran/ShakhnovichLab/MCPU/src_mpi_umbrella/./fold_potential_mpi, 1066)
    (i, host, exe, pid) = (350, holy2a18306, /n/home03/amirbitran/ShakhnovichLab/MCPU/src_mpi_umbrella/./fold_potential_mpi, 1071)
    (i, host, exe, pid) = (351, holy2a18306, /n/home03/amirbitran/ShakhnovichLab/MCPU/src_mpi_umbrella/./fold_potential_mpi, 1076)
    (i, host, exe, pid) = (352, holy2a18306, /n/home03/amirbitran/ShakhnovichLab/MCPU/src_mpi_umbrella/./fold_potential_mpi, 1083)
    (i, host, exe, pid) = (353, holy2a18306, /n/home03/amirbitran/ShakhnovichLab/MCPU/src_mpi_umbrella/./fold_potential_mpi, 1090)
    (i, host, exe, pid) = (354, holy2a18306, /n/home03/amirbitran/ShakhnovichLab/MCPU/src_mpi_umbrella/./fold_potential_mpi, 1098)
    (i, host, exe, pid) = (355, holy2a18306, /n/home03/amirbitran/ShakhnovichLab/MCPU/src_mpi_umbrella/./fold_potential_mpi, 1105)
    (i, host, exe, pid) = (356, holy2a18306, /n/home03/amirbitran/ShakhnovichLab/MCPU/src_mpi_umbrella/./fold_potential_mpi, 1112)
    (i, host, exe, pid) = (357, holy2a18306, /n/home03/amirbitran/ShakhnovichLab/MCPU/src_mpi_umbrella/./fold_potential_mpi, 1122)
    (i, host, exe, pid) = (358, holy2a18306, /n/home03/amirbitran/ShakhnovichLab/MCPU/src_mpi_umbrella/./fold_potential_mpi, 1127)
    (i, host, exe, pid) = (359, holy2a18306, /n/home03/amirbitran/ShakhnovichLab/MCPU/src_mpi_umbrella/./fold_potential_mpi, 1131)
    (i, host, exe, pid) = (360, holy2a18306, /n/home03/amirbitran/ShakhnovichLab/MCPU/src_mpi_umbrella/./fold_potential_mpi, 1147)
    (i, host, exe, pid) = (361, holy2a18306, /n/home03/amirbitran/ShakhnovichLab/MCPU/src_mpi_umbrella/./fold_potential_mpi, 1153)
    (i, host, exe, pid) = (362, holy2a18306, /n/home03/amirbitran/ShakhnovichLab/MCPU/src_mpi_umbrella/./fold_potential_mpi, 1165)
    (i, host, exe, pid) = (363, holy2a18306, /n/home03/amirbitran/ShakhnovichLab/MCPU/src_mpi_umbrella/./fold_potential_mpi, 1170)
    (i, host, exe, pid) = (364, holy2a18306, /n/home03/amirbitran/ShakhnovichLab/MCPU/src_mpi_umbrella/./fold_potential_mpi, 1174)
    (i, host, exe, pid) = (365, holy2a18306, /n/home03/amirbitran/ShakhnovichLab/MCPU/src_mpi_umbrella/./fold_potential_mpi, 1179)
    (i, host, exe, pid) = (366, holy2a18306, /n/home03/amirbitran/ShakhnovichLab/MCPU/src_mpi_umbrella/./fold_potential_mpi, 1183)
    (i, host, exe, pid) = (367, holy2a18306, /n/home03/amirbitran/ShakhnovichLab/MCPU/src_mpi_umbrella/./fold_potential_mpi, 1193)
    (i, host, exe, pid) = (368, holy2a18306, /n/home03/amirbitran/ShakhnovichLab/MCPU/src_mpi_umbrella/./fold_potential_mpi, 1201)
    (i, host, exe, pid) = (369, holy2a18306, /n/home03/amirbitran/ShakhnovichLab/MCPU/src_mpi_umbrella/./fold_potential_mpi, 1208)
    (i, host, exe, pid) = (370, holy2a18306, /n/home03/amirbitran/ShakhnovichLab/MCPU/src_mpi_umbrella/./fold_potential_mpi, 1215)
    (i, host, exe, pid) = (371, holy2a18306, /n/home03/amirbitran/ShakhnovichLab/MCPU/src_mpi_umbrella/./fold_potential_mpi, 1218)
    (i, host, exe, pid) = (372, holy2a18306, /n/home03/amirbitran/ShakhnovichLab/MCPU/src_mpi_umbrella/./fold_potential_mpi, 1224)
    (i, host, exe, pid) = (373, holy2a18306, /n/home03/amirbitran/ShakhnovichLab/MCPU/src_mpi_umbrella/./fold_potential_mpi, 1228)
    (i, host, exe, pid) = (374, holy2a18306, /n/home03/amirbitran/ShakhnovichLab/MCPU/src_mpi_umbrella/./fold_potential_mpi, 1235)
    (i, host, exe, pid) = (375, holy2a18306, /n/home03/amirbitran/ShakhnovichLab/MCPU/src_mpi_umbrella/./fold_potential_mpi, 1245)
    (i, host, exe, pid) = (376, holy2a18306, /n/home03/amirbitran/ShakhnovichLab/MCPU/src_mpi_umbrella/./fold_potential_mpi, 1249)
    (i, host, exe, pid) = (377, holy2a18306, /n/home03/amirbitran/ShakhnovichLab/MCPU/src_mpi_umbrella/./fold_potential_mpi, 1256)
    (i, host, exe, pid) = (378, holy2a18306, /n/home03/amirbitran/ShakhnovichLab/MCPU/src_mpi_umbrella/./fold_potential_mpi, 1263)
    (i, host, exe, pid) = (379, holy2a18306, /n/home03/amirbitran/ShakhnovichLab/MCPU/src_mpi_umbrella/./fold_potential_mpi, 1273)
    (i, host, exe, pid) = (380, holy2a18306, /n/home03/amirbitran/ShakhnovichLab/MCPU/src_mpi_umbrella/./fold_potential_mpi, 1280)
    (i, host, exe, pid) = (381, holy2a18306, /n/home03/amirbitran/ShakhnovichLab/MCPU/src_mpi_umbrella/./fold_potential_mpi, 1284)
    (i, host, exe, pid) = (382, holy2a18306, /n/home03/amirbitran/ShakhnovichLab/MCPU/src_mpi_umbrella/./fold_potential_mpi, 1290)
    (i, host, exe, pid) = (383, holy2a18306, /n/home03/amirbitran/ShakhnovichLab/MCPU/src_mpi_umbrella/./fold_potential_mpi, 1302)
    (i, host, exe, pid) = (384, holy2a18306, /n/home03/amirbitran/ShakhnovichLab/MCPU/src_mpi_umbrella/./fold_potential_mpi, 1306)
    (i, host, exe, pid) = (385, holy2a18306, /n/home03/amirbitran/ShakhnovichLab/MCPU/src_mpi_umbrella/./fold_potential_mpi, 1312)
    (i, host, exe, pid) = (386, holy2a18306, /n/home03/amirbitran/ShakhnovichLab/MCPU/src_mpi_umbrella/./fold_potential_mpi, 1328)
    (i, host, exe, pid) = (387, holy2a18306, /n/home03/amirbitran/ShakhnovichLab/MCPU/src_mpi_umbrella/./fold_potential_mpi, 1336)
    (i, host, exe, pid) = (388, holy2a18306, /n/home03/amirbitran/ShakhnovichLab/MCPU/src_mpi_umbrella/./fold_potential_mpi, 1343)
    (i, host, exe, pid) = (389, holy2a18306, /n/home03/amirbitran/ShakhnovichLab/MCPU/src_mpi_umbrella/./fold_potential_mpi, 1352)
    (i, host, exe, pid) = (390, holy2a18306, /n/home03/amirbitran/ShakhnovichLab/MCPU/src_mpi_umbrella/./fold_potential_mpi, 1357)
    (i, host, exe, pid) = (391, holy2a18306, /n/home03/amirbitran/ShakhnovichLab/MCPU/src_mpi_umbrella/./fold_potential_mpi, 1362)
    (i, host, exe, pid) = (392, holy2a18306, /n/home03/amirbitran/ShakhnovichLab/MCPU/src_mpi_umbrella/./fold_potential_mpi, 1366)
    (i, host, exe, pid) = (393, holy2a18306, /n/home03/amirbitran/ShakhnovichLab/MCPU/src_mpi_umbrella/./fold_potential_mpi, 1378)
    (i, host, exe, pid) = (394, holy2a18306, /n/home03/amirbitran/ShakhnovichLab/MCPU/src_mpi_umbrella/./fold_potential_mpi, 1383)
    (i, host, exe, pid) = (395, holy2a18306, /n/home03/amirbitran/ShakhnovichLab/MCPU/src_mpi_umbrella/./fold_potential_mpi, 1394)
    (i, host, exe, pid) = (396, holy2a18306, /n/home03/amirbitran/ShakhnovichLab/MCPU/src_mpi_umbrella/./fold_potential_mpi, 1397)
    (i, host, exe, pid) = (397, holy2a18306, /n/home03/amirbitran/ShakhnovichLab/MCPU/src_mpi_umbrella/./fold_potential_mpi, 1403)
    (i, host, exe, pid) = (398, holy2a18306, /n/home03/amirbitran/ShakhnovichLab/MCPU/src_mpi_umbrella/./fold_potential_mpi, 1408)
    (i, host, exe, pid) = (399, holy2a18306, /n/home03/amirbitran/ShakhnovichLab/MCPU/src_mpi_umbrella/./fold_potential_mpi, 1419)
MPIR_executable_path: NULL
MPIR_server_arguments: NULL
srun: Job step aborted: Waiting up to 32 seconds for job step to finish.
slurmstepd: error: *** STEP 15161870.0 ON holy2a15203 CANCELLED AT 2019-07-03T08:42:24 ***
slurmstepd: error: *** JOB 15161870 ON holy2a15202 CANCELLED AT 2019-07-03T08:42:24 ***
